Nightly Backup Successful: Wed Aug 13 12:58:01 PDT 2014
Nightly Backup Successful: Thu Aug 14 12:58:01 PDT 2014
Nightly Backup Successful: Fri Aug 15 12:58:01 PDT 2014
Nightly Backup Successful: Sun Aug 17 12:58:01 PDT 2014
Nightly Backup Successful: Mon Aug 18 12:58:01 PDT 2014
Nightly Backup Successful: Tue Aug 19 12:58:01 PDT 2014
Nightly Backup Successful: Thu Aug 21 12:58:01 PDT 2014
Nightly Backup Successful: Fri Aug 22 12:58:01 PDT 2014
Nightly Backup Successful: Sun Aug 24 12:58:01 PDT 2014
Nightly Backup Successful: Tue Aug 26 12:58:01 PDT 2014
Nightly Backup Successful: Wed Aug 27 12:58:01 PDT 2014
Nightly Backup Successful: Thu Aug 28 12:58:01 PDT 2014
Nightly Backup Successful: Fri Aug 29 13:17:03 PDT 2014
Nightly Backup Successful: Sat Aug 30 12:58:01 PDT 2014
Nightly Backup Successful: Sun Sep  7 12:58:01 PDT 2014
Nightly Backup Successful: Mon Sep  8 12:58:01 PDT 2014
Nightly Backup Successful: Tue Sep  9 12:58:01 PDT 2014
Nightly Backup Successful: Wed Sep 10 12:58:01 PDT 2014
Nightly Backup Successful: Thu Sep 11 12:58:01 PDT 2014
Nightly Backup Successful: Fri Sep 12 12:58:01 PDT 2014
Nightly Backup Successful: Mon Sep 15 12:58:01 PDT 2014
Nightly Backup Successful: Tue Sep 16 12:58:01 PDT 2014
Nightly Backup Successful: Wed Sep 17 12:58:01 PDT 2014
Nightly Backup Successful: Fri Sep 19 12:58:01 PDT 2014
Nightly Backup Successful: Sun Sep 21 13:06:49 PDT 2014
Nightly Backup Successful: Mon Sep 22 12:58:01 PDT 2014
Nightly Backup Successful: Tue Sep 23 12:58:01 PDT 2014
Nightly Backup Successful: Wed Sep 24 12:58:01 PDT 2014
Nightly Backup Successful: Thu Sep 25 12:58:01 PDT 2014
Nightly Backup Successful: Fri Sep 26 12:58:01 PDT 2014
Nightly Backup Successful: Sun Sep 28 12:58:01 PDT 2014
Nightly Backup Successful: Mon Sep 29 12:58:01 PDT 2014
